<?xml version="1.0" encoding="UTF-8"?>
<!-- Generated by org.testng.reporters.JUnitReportReporter -->
<testsuite hostname="ThushDee-DELL" failures="0" tests="1" name="com.inetbanking.testCases.TC_LoginTest_001" time="1.105" errors="0" timestamp="2024-04-03T18:31:27 IST" skipped="0">
  <testcase classname="com.inetbanking.testCases.TC_LoginTest_001" name="loginTest" time="1.105"/>
</testsuite> <!-- com.inetbanking.testCases.TC_LoginTest_001 -->
