<?xml version="1.0" encoding="UTF-8"?>
<!-- Generated by org.testng.reporters.JUnitReportReporter -->
<testsuite hostname="ThushDee-DELL" failures="0" tests="1" name="com.inetbanking.testCases.TC_AddCustomerTest_003" time="15.517" errors="0" timestamp="2024-04-17T18:42:33 IST" skipped="0">
  <testcase classname="com.inetbanking.testCases.TC_AddCustomerTest_003" name="addNewCustomer" time="15.517"/>
</testsuite> <!-- com.inetbanking.testCases.TC_AddCustomerTest_003 -->
